<?xml version="1.0" encoding="UTF-8"?>
<testng-results ignored="0" total="1" passed="1" failed="0" skipped="0">
  <reporter-output>
  </reporter-output>
  <suite started-at="2025-03-22T01:31:33 IST" name="Default suite" finished-at="2025-03-22T01:31:33 IST" duration-ms="100">
    <groups>
    </groups>
    <test started-at="2025-03-22T01:31:33 IST" name="Default test" finished-at="2025-03-22T01:31:33 IST" duration-ms="100">
      <class name="com.shree.Apptest">
        <test-method signature="testlogin1()[pri:0, instance:com.shree.Apptest@48f278eb]" started-at="2025-03-22T01:31:33 IST" name="testlogin1" finished-at="2025-03-22T01:31:33 IST" duration-ms="23" status="PASS">
          <reporter-output>
          </reporter-output>
        </test-method> <!-- testlogin1 -->
      </class> <!-- com.shree.Apptest -->
    </test> <!-- Default test -->
  </suite> <!-- Default suite -->
</testng-results>
